<?xml version="1.0" encoding="UTF-8"?>
<!-- Generated by org.testng.reporters.JUnitXMLReporter -->
<testsuite hostname="LAPTOP-JTNN1PTL" ignored="0" name="Test" tests="1" failures="1" timestamp="2023-10-14T21:54:42 EDT" time="3.879" errors="0">
  <testcase name="validLoginTest" time="1.235" classname="com.newsletter.selenium_frameworks.LoginTest">
    <failure type="org.testng.internal.reflect.MethodMatcherException" message="
[public void com.newsletter.selenium_frameworks.LoginTest.validLoginTest(java.lang.String,java.lang.String)] has no parameters defined but was found to be using a data provider (either explicitly specified or inherited from class level annotation).
Data provider mismatch
Method: validLoginTest([Parameter{index=0, type=java.lang.String, declaredAnnotations=[]}, Parameter{index=1, type=java.lang.String, declaredAnnotations=[]}])
Arguments: [(java.lang.String) TC_001,(java.lang.String) username1,(java.lang.String) password123]">
      <![CDATA[org.testng.internal.reflect.MethodMatcherException: 
[public void com.newsletter.selenium_frameworks.LoginTest.validLoginTest(java.lang.String,java.lang.String)] has no parameters defined but was found to be using a data provider (either explicitly specified or inherited from class level annotation).
Data provider mismatch
Method: validLoginTest([Parameter{index=0, type=java.lang.String, declaredAnnotations=[]}, Parameter{index=1, type=java.lang.String, declaredAnnotations=[]}])
Arguments: [(java.lang.String) TC_001,(java.lang.String) username1,(java.lang.String) password123]
at java.util.ArrayList.forEach(Unknown Source)
... Removed 22 stack frames]]>
    </failure>
  </testcase> <!-- validLoginTest -->
</testsuite> <!-- Test -->
