<?xml version="1.0" encoding="UTF-8"?>
<!-- Generated by org.testng.reporters.JUnitXMLReporter -->
<testsuite hostname="LAPTOP-JTNN1PTL" ignored="0" name="Default test" tests="3" failures="0" timestamp="2023-10-14T21:57:53 EDT" time="3.756" errors="0">
  <testcase name="validLoginTest" time="0.007" classname="com.newsletter.selenium_frameworks.LoginTest"/>
  <testcase name="validLoginTest" time="0.002" classname="com.newsletter.selenium_frameworks.LoginTest"/>
  <testcase name="validLoginTest" time="0.002" classname="com.newsletter.selenium_frameworks.LoginTest"/>
</testsuite> <!-- Default test -->
