<?xml version="1.0" encoding="UTF-8"?>
<!-- Generated by org.testng.reporters.JUnitXMLReporter -->
<testsuite hostname="LAPTOP-JTNN1PTL" ignored="0" name="Validating user login" tests="4" failures="0" timestamp="2021-05-05T15:37:57 EDT" time="0.235" errors="0">
  <testcase name="@AfterTest tearDown" time="0.001" classname="Academy.HomePage">
    <failure type="java.lang.NullPointerException">
      <![CDATA[java.lang.NullPointerException
at Academy.HomePage.tearDown(HomePage.java:52)
at java.util.concurrent.FutureTask.run(Unknown Source)
at java.util.concurrent.ThreadPoolExecutor.runWorker(Unknown Source)
at java.util.concurrent.ThreadPoolExecutor$Worker.run(Unknown Source)
at java.lang.Thread.run(Unknown Source)
... Removed 15 stack frames]]>
    </failure>
  </testcase> <!-- @AfterTest tearDown -->
  <testcase name="DDDDD" time="0.01" classname="Academy.HomePage"/>
  <testcase name="basePageNavigation" time="0.086" classname="Academy.HomePage"/>
  <testcase name="basePageNavigation" time="0.02" classname="Academy.HomePage"/>
  <testcase name="basePageNavigation" time="0.033" classname="Academy.HomePage"/>
</testsuite> <!-- Validating user login -->
