<?xml version="1.0" encoding="UTF-8"?>
<testng-results skipped="0" failed="0" ignored="0" total="1" passed="1">
  <reporter-output>
  </reporter-output>
  <suite name="Default suite" duration-ms="822" started-at="2023-11-11T23:16:55 EST" finished-at="2023-11-11T23:16:56 EST">
    <groups>
      <group name="cucumber">
        <method signature="AbstractTestNGCucumberTests.feature(cucumber.api.testng.CucumberFeatureWrapper)[pri:0, instance:cucumber.TestNgTestRunner@58c1670b]" name="feature" class="cucumber.api.testng.AbstractTestNGCucumberTests"/>
      </group> <!-- cucumber -->
    </groups>
    <test name="Default test" duration-ms="822" started-at="2023-11-11T23:16:55 EST" finished-at="2023-11-11T23:16:56 EST">
      <class name="cucumber.TestNgTestRunner">
        <test-method status="PASS" signature="setUpClass()[pri:0, instance:cucumber.TestNgTestRunner@58c1670b]" name="setUpClass" is-config="true" duration-ms="407" started-at="2023-11-11T23:16:55 EST" finished-at="2023-11-11T23:16:55 EST">
          <reporter-output>
          </reporter-output>
        </test-method> <!-- setUpClass -->
        <test-method status="PASS" signature="feature(cucumber.api.testng.CucumberFeatureWrapper)[pri:0, instance:cucumber.TestNgTestRunner@58c1670b]" name="feature" duration-ms="210" started-at="2023-11-11T23:16:55 EST" description="Runs Cucumber Feature" data-provider="features" finished-at="2023-11-11T23:16:56 EST">
          <params>
            <param index="0">
              <value>
                <![CDATA[User Login]]>
              </value>
            </param>
          </params>
          <reporter-output>
          </reporter-output>
        </test-method> <!-- feature -->
        <test-method status="PASS" signature="tearDownClass()[pri:0, instance:cucumber.TestNgTestRunner@58c1670b]" name="tearDownClass" is-config="true" duration-ms="15" started-at="2023-11-11T23:16:56 EST" finished-at="2023-11-11T23:16:56 EST">
          <reporter-output>
          </reporter-output>
        </test-method> <!-- tearDownClass -->
      </class> <!-- cucumber.TestNgTestRunner -->
    </test> <!-- Default test -->
  </suite> <!-- Default suite -->
</testng-results>
