<?xml version="1.0" encoding="UTF-8"?>
<!-- Generated by org.testng.reporters.JUnitXMLReporter -->
<testsuite hostname="LAPTOP-JTNN1PTL" ignored="0" name="Default test" tests="3" failures="0" timestamp="2023-09-09T11:45:41 EDT" time="10.614" errors="0">
  <testcase name="testmethodC" time="0.007" classname="Newsletter.TestCaseWithAndWithoutPriority"/>
  <testcase name="testmethodA" time="0.003" classname="Newsletter.TestCaseWithAndWithoutPriority"/>
  <testcase name="testmethodB" time="0.001" classname="Newsletter.TestCaseWithAndWithoutPriority"/>
</testsuite> <!-- Default test -->
