<?xml version="1.0" encoding="UTF-8"?>
<!-- Generated by org.testng.reporters.JUnitXMLReporter -->
<testsuite hostname="LAPTOP-JTNN1PTL" ignored="0" name="Test" tests="5" failures="0" timestamp="2020-09-04T14:06:44 EDT" time="213.731" errors="0">
  <testcase name="basePageNavigation" time="0.068" classname="Academy.ValidateNavigationBar"/>
  <testcase name="basePageNavigation" time="0.046" classname="Academy.ValidateTitle"/>
  <testcase name="basePageNavigation" time="38.611" classname="Academy.HomePage"/>
  <testcase name="basePageNavigation" time="29.364" classname="Academy.HomePage"/>
  <testcase name="basePageNavigation" time="34.851" classname="Academy.HomePage"/>
</testsuite> <!-- Test -->
