<?xml version="1.0" encoding="UTF-8"?>
<!-- Generated by org.testng.reporters.JUnitXMLReporter -->
<testsuite hostname="LAPTOP-JTNN1PTL" ignored="0" name="Validating homepage" tests="10" failures="0" timestamp="2022-11-01T21:04:21 EDT" time="57.389" errors="0">
  <testcase name="select_and_verify_country" time="2.187" classname="Shopping.HomePageTest"/>
  <testcase name="select_and_verify_solid_colors_from_menu" time="7.494" classname="Shopping.CatelogTest"/>
  <testcase name="add_and_verify_cart" time="1.703" classname="Shopping.CatelogTest"/>
  <testcase name="verify_added_product_in_cart_page" time="2.476" classname="Shopping.CartTest"/>
  <testcase name="verify_checkout" time="1.543" classname="Shopping.CartTest"/>
  <testcase name="select_product_after_returning_from_cart" time="0.871" classname="Shopping.CatelogTest"/>
  <testcase name="verify_added_product_in_cart_page_after_addtition" time="2.295" classname="Shopping.CartTest"/>
  <testcase name="verify_checkout_after_product_addition_and_continue_as_guest" time="22.701" classname="Shopping.CartTest"/>
  <testcase name="verify_and_assert_clicked_on_continue_as_guest" time="7.31" classname="Shopping.ContinueAsGuestTest"/>
  <testcase name="find_stylist_by_zipcode_and_select_stylist_and_verify_shipping_address_page" time="8.704" classname="Shopping.ContinueAsGuestTest"/>
</testsuite> <!-- Validating homepage -->
